2025-06-24 22:19:32 | INFO     | app.utils.logger:setup_logging:53 - 日志系统初始化完成
2025-06-24 22:19:32 | INFO     | app.utils.logger:setup_logging:53 - 日志系统初始化完成
2025-06-24 22:19:32 | INFO     | app.services.model_service:initialize:36 - 正在初始化图像特征提取模型...
2025-06-24 22:19:32 | INFO     | app.services.model_service:initialize:43 - 使用设备: cpu
2025-06-24 22:19:33 | INFO     | app.services.model_service:initialize:50 - 图像特征提取模型初始化完成
2025-06-24 22:19:33 | INFO     | app.services.faiss_service:initialize:39 - 正在初始化Faiss索引服务...
2025-06-24 22:19:33 | INFO     | app.services.faiss_service:_load_or_create_index:61 - 加载现有索引: backend\data\index\image_features.index
2025-06-24 22:19:33 | INFO     | app.services.faiss_service:initialize:51 - Faiss索引初始化完成，当前向量数量: 0, 下一个faiss_id: 25
2025-06-24 22:19:35 | INFO     | app.api.endpoints.search:search_by_upload:64 - 开始提取查询图片特征: small083211ufsXJ1743985931.jpg
2025-06-24 22:19:36 | INFO     | app.api.endpoints.search:search_by_upload:68 - 开始搜索相似图片，K=10
2025-06-24 22:19:36 | INFO     | app.api.endpoints.search:search_by_upload:105 - 搜索完成，返回0个结果，耗时0.369秒
2025-06-24 22:20:00 | INFO     | app.utils.logger:setup_logging:53 - 日志系统初始化完成
2025-06-24 22:20:00 | INFO     | app.utils.logger:setup_logging:53 - 日志系统初始化完成
2025-06-24 22:20:00 | INFO     | app.services.model_service:initialize:36 - 正在初始化图像特征提取模型...
2025-06-24 22:20:00 | INFO     | app.services.model_service:initialize:43 - 使用设备: cpu
2025-06-24 22:20:00 | INFO     | app.services.model_service:initialize:50 - 图像特征提取模型初始化完成
2025-06-24 22:20:00 | INFO     | app.services.faiss_service:initialize:39 - 正在初始化Faiss索引服务...
2025-06-24 22:20:00 | INFO     | app.services.faiss_service:_load_or_create_index:61 - 加载现有索引: backend\data\index\image_features.index
2025-06-24 22:20:00 | INFO     | app.services.faiss_service:initialize:51 - Faiss索引初始化完成，当前向量数量: 0, 下一个faiss_id: 25
2025-06-24 22:20:00 | INFO     | app.services.model_service:cleanup:220 - 正在清理模型服务资源...
2025-06-24 22:20:00 | INFO     | app.services.model_service:cleanup:228 - 模型服务资源清理完成
2025-06-24 22:20:00 | INFO     | app.services.faiss_service:cleanup:274 - 正在清理Faiss服务资源...
2025-06-24 22:20:00 | INFO     | app.services.faiss_service:cleanup:284 - Faiss服务资源清理完成
2025-06-24 22:20:08 | INFO     | app.utils.logger:setup_logging:53 - 日志系统初始化完成
2025-06-24 22:20:08 | INFO     | app.utils.logger:setup_logging:53 - 日志系统初始化完成
2025-06-24 22:20:08 | INFO     | app.services.model_service:initialize:36 - 正在初始化图像特征提取模型...
2025-06-24 22:20:08 | INFO     | app.services.model_service:initialize:43 - 使用设备: cpu
2025-06-24 22:20:08 | INFO     | app.services.model_service:initialize:50 - 图像特征提取模型初始化完成
2025-06-24 22:20:08 | INFO     | app.services.faiss_service:initialize:39 - 正在初始化Faiss索引服务...
2025-06-24 22:20:08 | INFO     | app.services.faiss_service:_load_or_create_index:61 - 加载现有索引: backend\data\index\image_features.index
2025-06-24 22:20:08 | INFO     | app.services.faiss_service:initialize:51 - Faiss索引初始化完成，当前向量数量: 0, 下一个faiss_id: 25
2025-06-24 22:20:08 | INFO     | app.services.model_service:cleanup:220 - 正在清理模型服务资源...
2025-06-24 22:20:08 | INFO     | app.services.model_service:cleanup:228 - 模型服务资源清理完成
2025-06-24 22:20:08 | INFO     | app.services.faiss_service:cleanup:274 - 正在清理Faiss服务资源...
2025-06-24 22:20:08 | INFO     | app.services.faiss_service:cleanup:284 - Faiss服务资源清理完成
2025-06-24 22:22:21 | INFO     | app.api.endpoints.search:search_by_upload:64 - 开始提取查询图片特征: small083211ufsXJ1743985931.jpg
2025-06-24 22:22:21 | INFO     | app.api.endpoints.search:search_by_upload:68 - 开始搜索相似图片，K=10
2025-06-24 22:22:21 | INFO     | app.api.endpoints.search:search_by_upload:105 - 搜索完成，返回0个结果，耗时0.079秒
2025-06-24 22:22:43 | INFO     | app.utils.logger:setup_logging:53 - 日志系统初始化完成
2025-06-24 22:22:43 | INFO     | app.utils.logger:setup_logging:53 - 日志系统初始化完成
2025-06-24 22:23:07 | INFO     | app.utils.logger:setup_logging:53 - 日志系统初始化完成
2025-06-24 22:23:07 | INFO     | app.utils.logger:setup_logging:53 - 日志系统初始化完成
2025-06-24 22:23:07 | INFO     | app.services.model_service:initialize:36 - 正在初始化图像特征提取模型...
2025-06-24 22:23:07 | INFO     | app.services.model_service:initialize:43 - 使用设备: cpu
2025-06-24 22:23:07 | INFO     | app.services.model_service:initialize:50 - 图像特征提取模型初始化完成
2025-06-24 22:23:07 | INFO     | app.services.faiss_service:initialize:39 - 正在初始化Faiss索引服务...
2025-06-24 22:23:07 | INFO     | app.services.faiss_service:_load_or_create_index:61 - 加载现有索引: backend\data\index\image_features.index
2025-06-24 22:23:07 | INFO     | app.services.faiss_service:initialize:51 - Faiss索引初始化完成，当前向量数量: 0, 下一个faiss_id: 25
2025-06-24 22:23:07 | INFO     | app.services.model_service:cleanup:220 - 正在清理模型服务资源...
2025-06-24 22:23:07 | INFO     | app.services.model_service:cleanup:228 - 模型服务资源清理完成
2025-06-24 22:23:07 | INFO     | app.services.faiss_service:cleanup:274 - 正在清理Faiss服务资源...
2025-06-24 22:23:07 | INFO     | app.services.faiss_service:cleanup:284 - Faiss服务资源清理完成
2025-06-24 22:24:47 | INFO     | app.utils.logger:setup_logging:53 - 日志系统初始化完成
2025-06-24 22:24:47 | INFO     | app.utils.logger:setup_logging:53 - 日志系统初始化完成
2025-06-24 22:24:48 | INFO     | app.services.model_service:initialize:36 - 正在初始化图像特征提取模型...
2025-06-24 22:24:48 | INFO     | app.services.model_service:initialize:43 - 使用设备: cpu
2025-06-24 22:24:48 | INFO     | app.services.model_service:initialize:50 - 图像特征提取模型初始化完成
2025-06-24 22:24:48 | INFO     | app.services.faiss_service:initialize:39 - 正在初始化Faiss索引服务...
2025-06-24 22:24:48 | INFO     | app.services.faiss_service:_load_or_create_index:61 - 加载现有索引: backend\data\index\image_features.index
2025-06-24 22:24:48 | INFO     | app.services.faiss_service:initialize:51 - Faiss索引初始化完成，当前向量数量: 0, 下一个faiss_id: 25
2025-06-24 22:24:48 | INFO     | app.services.model_service:cleanup:220 - 正在清理模型服务资源...
2025-06-24 22:24:48 | INFO     | app.services.model_service:cleanup:228 - 模型服务资源清理完成
2025-06-24 22:24:48 | INFO     | app.services.faiss_service:cleanup:274 - 正在清理Faiss服务资源...
2025-06-24 22:24:48 | INFO     | app.services.faiss_service:cleanup:284 - Faiss服务资源清理完成
2025-06-24 22:26:12 | INFO     | app.api.endpoints.search:search_by_upload:64 - 开始提取查询图片特征: small083211ufsXJ1743985931.jpg
2025-06-24 22:26:12 | INFO     | app.api.endpoints.search:search_by_upload:68 - 开始搜索相似图片，K=10
2025-06-24 22:26:12 | INFO     | app.api.endpoints.search:search_by_upload:105 - 搜索完成，返回0个结果，耗时0.274秒
2025-06-24 22:26:44 | INFO     | app.utils.logger:setup_logging:53 - 日志系统初始化完成
2025-06-24 22:26:44 | INFO     | app.utils.logger:setup_logging:53 - 日志系统初始化完成
2025-06-24 22:26:44 | INFO     | app.services.model_service:initialize:36 - 正在初始化图像特征提取模型...
2025-06-24 22:26:44 | INFO     | app.services.model_service:initialize:43 - 使用设备: cpu
2025-06-24 22:26:44 | INFO     | app.services.model_service:initialize:50 - 图像特征提取模型初始化完成
2025-06-24 22:26:44 | INFO     | app.services.faiss_service:initialize:39 - 正在初始化Faiss索引服务...
2025-06-24 22:26:44 | INFO     | app.services.faiss_service:_load_or_create_index:61 - 加载现有索引: backend\data\index\image_features.index
2025-06-24 22:26:44 | INFO     | app.services.faiss_service:initialize:51 - Faiss索引初始化完成，当前向量数量: 0, 下一个faiss_id: 25
2025-06-24 22:26:44 | INFO     | app.services.model_service:cleanup:220 - 正在清理模型服务资源...
2025-06-24 22:26:44 | INFO     | app.services.model_service:cleanup:228 - 模型服务资源清理完成
2025-06-24 22:26:44 | INFO     | app.services.faiss_service:cleanup:274 - 正在清理Faiss服务资源...
2025-06-24 22:26:44 | INFO     | app.services.faiss_service:cleanup:284 - Faiss服务资源清理完成
2025-06-24 22:27:38 | INFO     | app.utils.logger:setup_logging:53 - 日志系统初始化完成
2025-06-24 22:27:39 | INFO     | app.utils.logger:setup_logging:53 - 日志系统初始化完成
2025-06-24 22:27:39 | INFO     | app.services.model_service:initialize:36 - 正在初始化图像特征提取模型...
2025-06-24 22:27:39 | INFO     | app.services.model_service:initialize:43 - 使用设备: cpu
2025-06-24 22:27:39 | INFO     | app.services.model_service:initialize:50 - 图像特征提取模型初始化完成
2025-06-24 22:27:39 | INFO     | app.services.faiss_service:initialize:39 - 正在初始化Faiss索引服务...
2025-06-24 22:27:39 | INFO     | app.services.faiss_service:_load_or_create_index:61 - 加载现有索引: backend\data\index\image_features.index
2025-06-24 22:27:39 | INFO     | app.services.faiss_service:initialize:51 - Faiss索引初始化完成，当前向量数量: 0, 下一个faiss_id: 25
2025-06-24 22:27:47 | INFO     | app.api.endpoints.search:search_by_upload:64 - 开始提取查询图片特征: small083211ufsXJ1743985931.jpg
2025-06-24 22:27:48 | INFO     | app.api.endpoints.search:search_by_upload:68 - 开始搜索相似图片，K=10
2025-06-24 22:27:48 | INFO     | app.api.endpoints.search:search_by_upload:105 - 搜索完成，返回0个结果，耗时0.449秒
2025-06-24 22:32:51 | INFO     | app.utils.logger:setup_logging:53 - 日志系统初始化完成
2025-06-24 22:32:51 | INFO     | app.services.model_service:initialize:36 - 正在初始化图像特征提取模型...
2025-06-24 22:32:51 | INFO     | app.services.model_service:initialize:43 - 使用设备: cpu
2025-06-24 22:32:52 | INFO     | app.services.model_service:initialize:50 - 图像特征提取模型初始化完成
2025-06-24 22:32:52 | INFO     | app.services.faiss_service:initialize:39 - 正在初始化Faiss索引服务...
2025-06-24 22:32:52 | INFO     | app.services.faiss_service:_load_or_create_index:61 - 加载现有索引: backend\data\index\image_features.index
2025-06-24 22:32:52 | INFO     | app.services.faiss_service:initialize:51 - Faiss索引初始化完成，当前向量数量: 0, 下一个faiss_id: 25
2025-06-24 22:32:52 | INFO     | app.services.model_service:cleanup:220 - 正在清理模型服务资源...
2025-06-24 22:32:52 | INFO     | app.services.model_service:cleanup:228 - 模型服务资源清理完成
2025-06-24 22:32:52 | INFO     | app.services.faiss_service:cleanup:274 - 正在清理Faiss服务资源...
2025-06-24 22:32:52 | INFO     | app.services.faiss_service:cleanup:284 - Faiss服务资源清理完成
2025-06-24 22:33:29 | INFO     | app.api.endpoints.search:search_by_upload:64 - 开始提取查询图片特征: small083211ufsXJ1743985931.jpg
2025-06-24 22:33:29 | INFO     | app.api.endpoints.search:search_by_upload:68 - 开始搜索相似图片，K=10
2025-06-24 22:33:29 | INFO     | app.api.endpoints.search:search_by_upload:105 - 搜索完成，返回0个结果，耗时0.316秒
2025-06-24 22:34:18 | INFO     | app.utils.logger:setup_logging:53 - 日志系统初始化完成
2025-06-24 22:34:18 | INFO     | app.services.faiss_service:initialize:39 - 正在初始化Faiss索引服务...
2025-06-24 22:34:18 | INFO     | app.services.faiss_service:_load_or_create_index:61 - 加载现有索引: backend\data\index\image_features.index
2025-06-24 22:34:18 | INFO     | app.services.faiss_service:initialize:51 - Faiss索引初始化完成，当前向量数量: 1, 下一个faiss_id: 26
2025-06-24 22:34:57 | INFO     | app.utils.logger:setup_logging:53 - 日志系统初始化完成
2025-06-24 22:34:57 | INFO     | app.services.faiss_service:initialize:39 - 正在初始化Faiss索引服务...
2025-06-24 22:34:57 | INFO     | app.services.faiss_service:_load_or_create_index:61 - 加载现有索引: backend\data\index\image_features.index
2025-06-24 22:34:57 | INFO     | app.services.faiss_service:initialize:51 - Faiss索引初始化完成，当前向量数量: 1, 下一个faiss_id: 26
2025-06-24 22:34:57 | INFO     | app.services.faiss_service:cleanup:274 - 正在清理Faiss服务资源...
2025-06-24 22:34:57 | INFO     | app.services.faiss_service:cleanup:284 - Faiss服务资源清理完成
2025-06-24 22:35:36 | INFO     | app.utils.logger:setup_logging:53 - 日志系统初始化完成
2025-06-24 22:35:36 | INFO     | app.services.model_service:initialize:36 - 正在初始化图像特征提取模型...
2025-06-24 22:35:36 | INFO     | app.services.model_service:initialize:43 - 使用设备: cpu
2025-06-24 22:35:36 | INFO     | app.services.model_service:initialize:50 - 图像特征提取模型初始化完成
2025-06-24 22:35:36 | INFO     | app.services.faiss_service:initialize:39 - 正在初始化Faiss索引服务...
2025-06-24 22:35:36 | INFO     | app.services.faiss_service:_load_or_create_index:61 - 加载现有索引: backend\data\index\image_features.index
2025-06-24 22:35:36 | INFO     | app.services.faiss_service:initialize:51 - Faiss索引初始化完成，当前向量数量: 1, 下一个faiss_id: 26
2025-06-24 22:35:37 | INFO     | app.services.model_service:cleanup:220 - 正在清理模型服务资源...
2025-06-24 22:35:37 | INFO     | app.services.model_service:cleanup:228 - 模型服务资源清理完成
2025-06-24 22:35:37 | INFO     | app.services.faiss_service:cleanup:274 - 正在清理Faiss服务资源...
2025-06-24 22:35:37 | INFO     | app.services.faiss_service:cleanup:284 - Faiss服务资源清理完成
2025-06-24 22:36:31 | INFO     | app.utils.logger:setup_logging:53 - 日志系统初始化完成
2025-06-24 22:36:32 | INFO     | app.services.model_service:initialize:36 - 正在初始化图像特征提取模型...
2025-06-24 22:36:32 | INFO     | app.services.model_service:initialize:43 - 使用设备: cpu
2025-06-24 22:36:32 | INFO     | app.services.model_service:initialize:50 - 图像特征提取模型初始化完成
2025-06-24 22:36:32 | INFO     | app.services.faiss_service:initialize:39 - 正在初始化Faiss索引服务...
2025-06-24 22:36:32 | INFO     | app.services.faiss_service:_load_or_create_index:77 - 创建新索引: IndexFlatIP
2025-06-24 22:36:32 | INFO     | app.services.faiss_service:_rebuild_mapping_from_db:125 - 从数据库重建映射完成，下一个可用faiss_id: 0
2025-06-24 22:36:32 | INFO     | app.services.faiss_service:initialize:51 - Faiss索引初始化完成，当前向量数量: 0, 下一个faiss_id: 0
2025-06-24 22:36:35 | INFO     | app.services.model_service:cleanup:220 - 正在清理模型服务资源...
2025-06-24 22:36:35 | INFO     | app.services.model_service:cleanup:228 - 模型服务资源清理完成
2025-06-24 22:36:35 | INFO     | app.services.faiss_service:cleanup:274 - 正在清理Faiss服务资源...
2025-06-24 22:36:35 | INFO     | app.services.faiss_service:cleanup:284 - Faiss服务资源清理完成
2025-06-24 22:36:51 | INFO     | app.services.model_service:cleanup:220 - 正在清理模型服务资源...
2025-06-24 22:36:51 | INFO     | app.services.model_service:cleanup:228 - 模型服务资源清理完成
2025-06-24 22:36:51 | INFO     | app.services.faiss_service:cleanup:274 - 正在清理Faiss服务资源...
2025-06-24 22:36:51 | INFO     | app.services.faiss_service:cleanup:284 - Faiss服务资源清理完成
2025-06-24 22:37:50 | INFO     | app.utils.logger:setup_logging:53 - 日志系统初始化完成
2025-06-24 22:37:50 | INFO     | app.utils.logger:setup_logging:53 - 日志系统初始化完成
2025-06-24 22:37:50 | INFO     | app.services.model_service:initialize:36 - 正在初始化图像特征提取模型...
2025-06-24 22:37:50 | INFO     | app.services.model_service:initialize:43 - 使用设备: cpu
2025-06-24 22:37:51 | INFO     | app.services.model_service:initialize:50 - 图像特征提取模型初始化完成
2025-06-24 22:37:51 | INFO     | app.services.faiss_service:initialize:39 - 正在初始化Faiss索引服务...
2025-06-24 22:37:51 | INFO     | app.services.faiss_service:_load_or_create_index:61 - 加载现有索引: data\index\image_features.index
2025-06-24 22:37:51 | INFO     | app.services.faiss_service:initialize:51 - Faiss索引初始化完成，当前向量数量: 19, 下一个faiss_id: 19
2025-06-24 22:37:56 | INFO     | app.api.endpoints.search:search_by_upload:64 - 开始提取查询图片特征: small083211ufsXJ1743985931.jpg
2025-06-24 22:37:57 | INFO     | app.api.endpoints.search:search_by_upload:68 - 开始搜索相似图片，K=10
2025-06-24 22:37:57 | INFO     | app.api.endpoints.search:search_by_upload:105 - 搜索完成，返回10个结果，耗时0.129秒
2025-06-24 22:38:07 | INFO     | app.services.model_service:cleanup:220 - 正在清理模型服务资源...
2025-06-24 22:38:07 | INFO     | app.services.model_service:cleanup:228 - 模型服务资源清理完成
2025-06-24 22:38:07 | INFO     | app.services.faiss_service:cleanup:274 - 正在清理Faiss服务资源...
2025-06-24 22:38:07 | INFO     | app.services.faiss_service:cleanup:284 - Faiss服务资源清理完成
