2025-06-08 18:36:15 | INFO     | app.utils.logger:setup_logging:53 - 日志系统初始化完成
2025-06-08 18:36:19 | INFO     | app.utils.logger:setup_logging:53 - 日志系统初始化完成
2025-06-08 18:36:19 | INFO     | app.utils.logger:setup_logging:53 - 日志系统初始化完成
2025-06-08 18:37:32 | INFO     | app.utils.logger:setup_logging:53 - 日志系统初始化完成
2025-06-08 18:37:36 | INFO     | app.utils.logger:setup_logging:53 - 日志系统初始化完成
2025-06-08 18:37:36 | INFO     | app.utils.logger:setup_logging:53 - 日志系统初始化完成
2025-06-08 18:37:37 | INFO     | app.services.model_service:initialize:36 - 正在初始化图像特征提取模型...
2025-06-08 18:37:37 | INFO     | app.services.model_service:initialize:43 - 使用设备: cpu
2025-06-08 18:37:37 | INFO     | app.services.model_service:initialize:50 - 图像特征提取模型初始化完成
2025-06-08 18:37:37 | INFO     | app.services.faiss_service:initialize:39 - 正在初始化Faiss索引服务...
2025-06-08 18:37:37 | INFO     | app.services.faiss_service:_load_or_create_index:74 - 创建新索引: IndexFlatIP
2025-06-08 18:37:37 | INFO     | app.services.faiss_service:initialize:51 - Faiss索引初始化完成，当前向量数量: 0
2025-06-08 18:37:55 | INFO     | app.api.endpoints.search:search_by_upload:64 - 开始提取查询图片特征: 1.jpg
2025-06-08 18:37:55 | INFO     | app.api.endpoints.search:search_by_upload:68 - 开始搜索相似图片，K=10
2025-06-08 18:37:55 | INFO     | app.api.endpoints.search:search_by_upload:120 - 搜索完成，返回0个结果，耗时0.633秒
2025-06-08 18:40:00 | INFO     | app.services.model_service:cleanup:220 - 正在清理模型服务资源...
2025-06-08 18:40:00 | INFO     | app.services.model_service:cleanup:228 - 模型服务资源清理完成
2025-06-08 18:40:00 | INFO     | app.services.faiss_service:cleanup:228 - 正在清理Faiss服务资源...
2025-06-08 18:40:00 | INFO     | app.services.faiss_service:cleanup:238 - Faiss服务资源清理完成
2025-06-08 18:40:52 | INFO     | app.utils.logger:setup_logging:53 - 日志系统初始化完成
2025-06-08 18:40:56 | INFO     | app.utils.logger:setup_logging:53 - 日志系统初始化完成
2025-06-08 18:40:56 | INFO     | app.utils.logger:setup_logging:53 - 日志系统初始化完成
2025-06-08 18:40:56 | INFO     | app.services.model_service:initialize:36 - 正在初始化图像特征提取模型...
2025-06-08 18:40:56 | INFO     | app.services.model_service:initialize:43 - 使用设备: cpu
2025-06-08 18:40:57 | INFO     | app.services.model_service:initialize:50 - 图像特征提取模型初始化完成
2025-06-08 18:40:57 | INFO     | app.services.faiss_service:initialize:39 - 正在初始化Faiss索引服务...
2025-06-08 18:40:57 | INFO     | app.services.faiss_service:_load_or_create_index:61 - 加载现有索引: data/index/image_features.index
2025-06-08 18:40:57 | INFO     | app.services.faiss_service:initialize:51 - Faiss索引初始化完成，当前向量数量: 0
2025-06-08 18:51:47 | INFO     | app.services.model_service:cleanup:220 - 正在清理模型服务资源...
2025-06-08 18:51:47 | INFO     | app.services.model_service:cleanup:228 - 模型服务资源清理完成
2025-06-08 18:51:47 | INFO     | app.services.faiss_service:cleanup:228 - 正在清理Faiss服务资源...
2025-06-08 18:51:47 | INFO     | app.services.faiss_service:cleanup:238 - Faiss服务资源清理完成
2025-06-08 18:51:53 | INFO     | app.utils.logger:setup_logging:53 - 日志系统初始化完成
2025-06-08 18:51:56 | INFO     | app.utils.logger:setup_logging:53 - 日志系统初始化完成
2025-06-08 18:51:57 | INFO     | app.utils.logger:setup_logging:53 - 日志系统初始化完成
2025-06-08 18:51:57 | INFO     | app.services.model_service:initialize:36 - 正在初始化图像特征提取模型...
2025-06-08 18:51:57 | INFO     | app.services.model_service:initialize:43 - 使用设备: cpu
2025-06-08 18:51:57 | INFO     | app.services.model_service:initialize:50 - 图像特征提取模型初始化完成
2025-06-08 18:51:57 | INFO     | app.services.faiss_service:initialize:39 - 正在初始化Faiss索引服务...
2025-06-08 18:51:57 | INFO     | app.services.faiss_service:_load_or_create_index:61 - 加载现有索引: data/index/image_features.index
2025-06-08 18:51:57 | INFO     | app.services.faiss_service:initialize:51 - Faiss索引初始化完成，当前向量数量: 0
2025-06-08 18:52:39 | INFO     | app.api.endpoints.images:upload_image:112 - 开始提取图片特征: 1.jpg
2025-06-08 18:52:39 | INFO     | app.api.endpoints.images:upload_image:139 - 图片上传成功: 1.jpg -> c3dc26313b8c44dcb4db3ff9c492bf5d.jpg
2025-06-08 18:52:56 | INFO     | app.services.model_service:cleanup:220 - 正在清理模型服务资源...
2025-06-08 18:52:56 | INFO     | app.services.model_service:cleanup:228 - 模型服务资源清理完成
2025-06-08 18:52:56 | INFO     | app.services.faiss_service:cleanup:228 - 正在清理Faiss服务资源...
2025-06-08 18:52:56 | INFO     | app.services.faiss_service:cleanup:238 - Faiss服务资源清理完成
